ERROR: 02/23/2023 10:27:40 AM Title doesn't match
ERROR: 02/23/2023 10:29:07 AM Title doesn't match - 
ERROR: 02/23/2023 10:39:50 AM - Try: Entering ...
ERROR: 02/23/2023 10:39:50 AM - Assert: Comparing the Page Title
ERROR: 02/23/2023 10:39:50 AM - Assert: Fail to match title...
02/23/2023 10:43:52 AM - Try: Entering ...
02/23/2023 10:43:52 AM - Assert: Comparing the Page Title
02/23/2023 10:43:52 AM - Assert: Fail to match title...
WARNING - 02/23/2023 10:45:41 AM - Try: Entering ...
WARNING - 02/23/2023 10:45:41 AM - Assert: Comparing the Page Title
ERROR - 02/23/2023 10:45:41 AM - Assert: Fail to match title...
root - WARNING - 02/23/2023 10:47:11 AM - Try: Entering ...
root - WARNING - 02/23/2023 10:47:11 AM - Assert: Comparing the Page Title
root - ERROR - 02/23/2023 10:47:11 AM - Assert: Fail to match title...
INFO - 02/23/2023 10:48:23 AM - Maximizing: Chrome Browser Window...
INFO - 02/23/2023 10:48:23 AM - Maximized: Chrome Browser Window...
INFO - 02/23/2023 10:48:23 AM - Loading: https://admin-dev.goopter.com/
INFO - 02/23/2023 10:48:26 AM - Loaded: https://admin-dev.goopter.com/
WARNING - 02/23/2023 10:48:26 AM - Try: Entering ...
WARNING - 02/23/2023 10:48:26 AM - Assert: Comparing the Page Title
ERROR - 02/23/2023 10:48:26 AM - Assert: Fail to match title...
INFO - 02/23/2023 10:48:26 AM - Try: Passed
INFO - 02/23/2023 11:01:06 AM - Maximizing: Chrome Browser Window...
INFO - 02/23/2023 11:01:06 AM - Maximized: Chrome Browser Window...
INFO - 02/23/2023 11:01:06 AM - Loading: https://admin-dev.goopter.com/
INFO - 02/23/2023 11:01:08 AM - Loaded: https://admin-dev.goopter.com/
WARNING - 02/23/2023 11:01:08 AM - Try: Entering ...
WARNING - 02/23/2023 11:01:08 AM - Assert: Comparing the Page Title
ERROR - 02/23/2023 11:01:08 AM - Assert: Fail to match title...
ERROR - 02/23/2023 11:01:08 AM - chromeBrowser.find_element(By.ID, 'anyID')
INFO - 02/23/2023 11:01:08 AM - Try: Passed
INFO - 02/23/2023 11:01:09 AM - Closing Browser
INFO - 02/23/2023 11:01:09 AM - Closed Browser
INFO - 02/23/2023 11:09:08 AM - Maximizing: Chrome Browser Window...
INFO - 02/23/2023 11:09:08 AM - Maximized: Chrome Browser Window...
INFO - 02/23/2023 11:09:08 AM - Loading: https://admin-dev.goopter.com/
INFO - 02/23/2023 11:09:11 AM - Loaded: https://admin-dev.goopter.com/
WARNING - 02/23/2023 11:09:11 AM - Try: Entering ...
WARNING - 02/23/2023 11:09:11 AM - Assert: Comparing the Page Title
ERROR - 02/23/2023 11:09:11 AM - Assert: Fail to match title...
ERROR - 02/23/2023 11:09:11 AM - chromeBrowser.find_element(By.ID, 'anyID')
INFO - 02/23/2023 11:09:11 AM - Try: Passed
INFO - 02/23/2023 11:09:11 AM - Closing Browser
INFO - 02/23/2023 11:09:11 AM - Closed Browser
INFO - 02/23/2023 11:11:21 AM - Maximizing: Chrome Browser Window...
INFO - 02/23/2023 11:11:21 AM - Maximized: Chrome Browser Window...
INFO - 02/23/2023 11:11:21 AM - Loading: https://admin-dev.goopter.com/
ERROR - 02/23/2023 11:11:21 AM - unknown error: net::ERR_NAME_NOT_RESOLVED
  (Session info: chrome=110.0.5481.104)
INFO - 02/23/2023 11:11:21 AM - Loaded: https://admin-dev.goopter.com/
WARNING - 02/23/2023 11:11:21 AM - Try: Entering ...
WARNING - 02/23/2023 11:11:21 AM - Assert: Comparing the Page Title
ERROR - 02/23/2023 11:11:21 AM - Assert: Fail to match title...
ERROR - 02/23/2023 11:11:21 AM - chromeBrowser.find_element(By.ID, 'anyID')
INFO - 02/23/2023 11:11:21 AM - Try: Passed
INFO - 02/23/2023 11:11:21 AM - Closing Browser
INFO - 02/23/2023 11:11:21 AM - Closed Browser
INFO - 02/23/2023 11:12:52 AM - Maximizing: Chrome Browser Window...
INFO - 02/23/2023 11:12:52 AM - Maximized: Chrome Browser Window...
INFO - 02/23/2023 11:12:52 AM - Loading: https://admin-dev.goopter.com/
CRITICAL - 02/23/2023 11:12:52 AM - unknown error: net::ERR_NAME_NOT_RESOLVED
  (Session info: chrome=110.0.5481.104)
INFO - 02/23/2023 11:12:52 AM - Loaded: https://admin-dev.goopter.com/
WARNING - 02/23/2023 11:12:52 AM - Try: Entering ...
WARNING - 02/23/2023 11:12:52 AM - Assert: Comparing the Page Title
ERROR - 02/23/2023 11:12:52 AM - Assert: Fail to match title...
ERROR - 02/23/2023 11:12:52 AM - chromeBrowser.find_element(By.ID, 'anyID')
INFO - 02/23/2023 11:12:52 AM - Try: Passed
INFO - 02/23/2023 11:12:52 AM - Closing Browser
INFO - 02/23/2023 11:12:52 AM - Closed Browser
